<?xml version="1.0" encoding="UTF-8"?>
<!-- Generated by org.testng.reporters.JUnitReportReporter -->
<testsuite hostname="PC010422" failures="0" tests="1" name="TestCases.HomeTest" time="166.237" errors="0" timestamp="2022-07-15T10:09:51 IST" skipped="0">
  <testcase classname="TestCases.HomeTest" name="timesheetclick" time="166.237"/>
  <system-out/>
</testsuite> <!-- TestCases.HomeTest -->
