<?xml version="1.0" encoding="UTF-8"?>
<!-- Generated by org.testng.reporters.JUnitReportReporter -->
<testsuite hostname="PC010422" failures="0" tests="1" name="TestCases.LoginTest" time="25.395" errors="0" timestamp="2022-07-15T07:43:08 IST" skipped="0">
  <testcase classname="TestCases.LoginTest" name="Login" time="25.395"/>
  <system-out/>
</testsuite> <!-- TestCases.LoginTest -->
